widget/app/build/intermediates/manifest_merge_blame_file/debug/processDebugMainManifest/manifest-merger-blame-debug-report.txt
1<?xml version="1.0" encoding="utf-8"?>
2<manifest xmlns:android="http://schemas.android.com/apk/res/android"
3    package="com.riverwatch.widget"
4    android:versionCode="3"
5    android:versionName="0.3.0-golden-binderfix" >
6
7    <uses-sdk
8        android:minSdkVersion="26"
9        android:targetSdkVersion="35" />
10
11    <uses-permission android:name="android.permission.INTERNET" />
11-->src\main\AndroidManifest.xml:3:5-67
11-->src\main\AndroidManifest.xml:3:22-64
12    <uses-permission android:name="android.permission.RECEIVE_BOOT_COMPLETED" />
12-->src\main\AndroidManifest.xml:4:5-81
12-->src\main\AndroidManifest.xml:4:22-78
13
14    <application
14-->src\main\AndroidManifest.xml:6:5-23:19
15        android:allowBackup="true"
15-->src\main\AndroidManifest.xml:7:9-35
16        android:debuggable="true"
17        android:extractNativeLibs="false"
18        android:label="RiverWatch Widget Lab"
18-->src\main\AndroidManifest.xml:8:9-46
19        android:supportsRtl="true"
19-->src\main\AndroidManifest.xml:9:9-35
20        android:testOnly="true"
21        android:theme="@style/AppTheme" >
21-->src\main\AndroidManifest.xml:10:9-40
22        <receiver
22-->src\main\AndroidManifest.xml:12:9-22:20
23            android:name="com.riverwatch.widget.RiverWatchWidgetProvider"
23-->src\main\AndroidManifest.xml:13:13-53
24            android:exported="true" >
24-->src\main\AndroidManifest.xml:14:13-36
25            <intent-filter>
25-->src\main\AndroidManifest.xml:15:13-18:29
26                <action android:name="android.appwidget.action.APPWIDGET_UPDATE" />
26-->src\main\AndroidManifest.xml:16:17-84
26-->src\main\AndroidManifest.xml:16:25-81
27                <action android:name="android.intent.action.BOOT_COMPLETED" />
27-->src\main\AndroidManifest.xml:17:17-79
27-->src\main\AndroidManifest.xml:17:25-76
28            </intent-filter>
29
30            <meta-data
30-->src\main\AndroidManifest.xml:19:13-21:66
31                android:name="android.appwidget.provider"
31-->src\main\AndroidManifest.xml:20:17-58
32                android:resource="@xml/riverwatch_widget_info" />
32-->src\main\AndroidManifest.xml:21:17-63
33        </receiver>
34    </application>
35
36</manifest>